-system A2600
-o ascend-demo.bin

common.k65						intro
vcs_defs.k65					intro
ascend_defs.k65					intro

music\music.k65					music
music\music_song_mini.k65		music
music\music_player_mini.k65		music

fireworks\fireworks.k65			fireworks
fireworks\fireworks_data.k65	fireworks

cube\cube_data.k65				cube
cube\cube_support_fetch.k65		cube
cube\cube_sizes.k65				greetings
cube\cube_ptr_lo.k65			greetings
cube\cube_ptr_hi.k65			greetings
cube\cube_support_ptr.k65		greetings

cube\cube_show_cannot.k65		title
cube\cube_show_stock.k65		title
cube\cube_show_convinced.k65	title
cube\cube_text.k65				roxbox

cube\cube.k65					fireworks

greetings\greetings_support.k65	cube


greetings\greetings_data.k65	greetings
greetings\greetings.k65			greetings

lines\lines_data.k65			lines
lines\lines.k65					lines

roxbox\roxbox_data.k65			roxbox
roxbox\roxbox.k65				roxbox

title\title_data.k65			title
title\title.k65					title

intro\intro_data.k65			intro
intro\intro.k65					intro

main.k65						cube

